{"synthetic": false,
 "schemaVersion": "2025-09-10",
 "outputs": null,
 "log":
 [{"message": "/Users/wjn/ProofWidgets4/widget> npm clean-install",
   "level": "trace"},
  {"message":
   "stdout:\nadded 342 packages, and audited 343 packages in 3s\n\n61 packages are looking for funding\n  run `npm fund` for details\n\n8 vulnerabilities (1 moderate, 7 high)\n\nTo address issues that do not require attention, run:\n  npm audit fix\n\nTo address all issues (including breaking changes), run:\n  npm audit fix --force\n\nRun `npm audit` for details.",
   "level": "trace"},
  {"message":
   "stderr:\nnpm warn deprecated glob@11.1.0: Old versions of glob are not supported, and contain widely publicized security vulnerabilities, which have been fixed in the current version. Please update. Support for old versions may be purchased (at exorbitant rates) by contacting i@izs.me\nnpm warn deprecated three-mesh-bvh@0.7.8: Deprecated due to three.js version incompatibility. Please use v0.8.0, instead.\nnpm warn deprecated mathjax-full@3.2.2: Version 4 replaces this package with the scoped package @mathjax/src",
   "level": "trace"},
  {"message": "/Users/wjn/ProofWidgets4/widget> npm run build",
   "level": "trace"},
  {"message":
   "stdout:\n> @leanprover-community/proofwidgets4@0.2.0 build\n> npx tsc && rollup --environment NODE_ENV:production --config",
   "level": "trace"},
  {"message":
   "stderr:\n\u001b[36m\n\u001b[1mdist/rubiks.js\u001b[22m → \u001b[1m./js\u001b[22m...\u001b[39m\n\u001b[32mcreated \u001b[1m./js\u001b[22m in \u001b[1m2.9s\u001b[22m\u001b[39m\n\u001b[36m\n\u001b[1mdist/recharts.js\u001b[22m → \u001b[1m./js\u001b[22m...\u001b[39m\n\u001b[1m\u001b[33m(!) Circular dependencies\u001b[39m\u001b[22m\nnode_modules/d3-interpolate/src/value.js -> node_modules/d3-interpolate/src/array.js -> node_modules/d3-interpolate/src/value.js\nnode_modules/d3-interpolate/src/value.js -> node_modules/d3-interpolate/src/object.js -> node_modules/d3-interpolate/src/value.js\nnode_modules/recharts/es6/util/ChartUtils.js -> node_modules/recharts/es6/util/getLegendProps.js -> node_modules/recharts/es6/util/ChartUtils.js\n\u001b[32mcreated \u001b[1m./js\u001b[22m in \u001b[1m1.9s\u001b[22m\u001b[39m\n\u001b[36m\n\u001b[1mdist/rbTree.js\u001b[22m → \u001b[1m./js\u001b[22m...\u001b[39m\n\u001b[1m\u001b[33m(!) Circular dependencies\u001b[39m\u001b[22m\nnode_modules/d3-selection/src/selection/index.js -> node_modules/d3-selection/src/selection/select.js -> node_modules/d3-selection/src/selection/index.js\nnode_modules/d3-selection/src/selection/index.js -> node_modules/d3-selection/src/selection/selectAll.js -> node_modules/d3-selection/src/selection/index.js\nnode_modules/d3-selection/src/selection/index.js -> node_modules/d3-selection/src/selection/filter.js -> node_modules/d3-selection/src/selection/index.js\n...and 12 more\n\u001b[32mcreated \u001b[1m./js\u001b[22m in \u001b[1m451ms\u001b[22m\u001b[39m\n\u001b[36m\n\u001b[1mdist/presentSelection.js\u001b[22m → \u001b[1m./js\u001b[22m...\u001b[39m\n\u001b[32mcreated \u001b[1m./js\u001b[22m in \u001b[1m57ms\u001b[22m\u001b[39m\n\u001b[36m\n\u001b[1mdist/penroseDisplay.js\u001b[22m → \u001b[1m./js\u001b[22m...\u001b[39m\n\u001b[1m\u001b[33m(!) Circular dependencies\u001b[39m\u001b[22m\nnode_modules/true-myth/dist/es/maybe.js -> node_modules/true-myth/dist/es/result.js -> node_modules/true-myth/dist/es/maybe.js\nnode_modules/@penrose/core/dist/engine/EngineUtils.js -> node_modules/@penrose/core/dist/utils/Util.js -> node_modules/@penrose/core/dist/engine/EngineUtils.js\nnode_modules/@penrose/core/dist/engine/BBox.js -> node_modules/@penrose/core/dist/contrib/Queries.js -> node_modules/@penrose/core/dist/engine/BBox.js\n...and 14 more\n\u001b[32mcreated \u001b[1m./js\u001b[22m in \u001b[1m4.5s\u001b[22m\u001b[39m\n\u001b[36m\n\u001b[1mdist/penroseCanvas.js\u001b[22m → \u001b[1m./js\u001b[22m...\u001b[39m\n\u001b[1m\u001b[33m(!) Circular dependencies\u001b[39m\u001b[22m\nnode_modules/true-myth/dist/es/maybe.js -> node_modules/true-myth/dist/es/result.js -> node_modules/true-myth/dist/es/maybe.js\nnode_modules/@penrose/core/dist/engine/EngineUtils.js -> node_modules/@penrose/core/dist/utils/Util.js -> node_modules/@penrose/core/dist/engine/EngineUtils.js\nnode_modules/@penrose/core/dist/engine/BBox.js -> node_modules/@penrose/core/dist/contrib/Queries.js -> node_modules/@penrose/core/dist/engine/BBox.js\n...and 14 more\n\u001b[32mcreated \u001b[1m./js\u001b[22m in \u001b[1m4.4s\u001b[22m\u001b[39m\n\u001b[36m\n\u001b[1mdist/ofRpcMethod.js\u001b[22m → \u001b[1m./js\u001b[22m...\u001b[39m\n\u001b[32mcreated \u001b[1m./js\u001b[22m in \u001b[1m67ms\u001b[22m\u001b[39m\n\u001b[36m\n\u001b[1mdist/makeEditLink.js\u001b[22m → \u001b[1m./js\u001b[22m...\u001b[39m\n\u001b[32mcreated \u001b[1m./js\u001b[22m in \u001b[1m43ms\u001b[22m\u001b[39m\n\u001b[36m\n\u001b[1mdist/interactiveSvg.js\u001b[22m → \u001b[1m./js\u001b[22m...\u001b[39m\n\u001b[32mcreated \u001b[1m./js\u001b[22m in \u001b[1m60ms\u001b[22m\u001b[39m\n\u001b[36m\n\u001b[1mdist/interactiveExpr.js\u001b[22m → \u001b[1m./js\u001b[22m...\u001b[39m\n\u001b[32mcreated \u001b[1m./js\u001b[22m in \u001b[1m40ms\u001b[22m\u001b[39m\n\u001b[36m\n\u001b[1mdist/index.js\u001b[22m → \u001b[1m./js\u001b[22m...\u001b[39m\n\u001b[32mcreated \u001b[1m./js\u001b[22m in \u001b[1m45ms\u001b[22m\u001b[39m\n\u001b[36m\n\u001b[1mdist/htmlDisplayPanel.js\u001b[22m → \u001b[1m./js\u001b[22m...\u001b[39m\n\u001b[32mcreated \u001b[1m./js\u001b[22m in \u001b[1m45ms\u001b[22m\u001b[39m\n\u001b[36m\n\u001b[1mdist/htmlDisplay.js\u001b[22m → \u001b[1m./js\u001b[22m...\u001b[39m\n\u001b[32mcreated \u001b[1m./js\u001b[22m in \u001b[1m44ms\u001b[22m\u001b[39m\n\u001b[36m\n\u001b[1mdist/goalTypePanel.js\u001b[22m → \u001b[1m./js\u001b[22m...\u001b[39m\n\u001b[32mcreated \u001b[1m./js\u001b[22m in \u001b[1m55ms\u001b[22m\u001b[39m\n\u001b[36m\n\u001b[1mdist/filterDetails.js\u001b[22m → \u001b[1m./js\u001b[22m...\u001b[39m\n\u001b[32mcreated \u001b[1m./js\u001b[22m in \u001b[1m47ms\u001b[22m\u001b[39m\n\u001b[36m\n\u001b[1mdist/exprPresentation.js\u001b[22m → \u001b[1m./js\u001b[22m...\u001b[39m\n\u001b[32mcreated \u001b[1m./js\u001b[22m in \u001b[1m56ms\u001b[22m\u001b[39m\n\u001b[36m\n\u001b[1mdist/d3Graph.js\u001b[22m → \u001b[1m./js\u001b[22m...\u001b[39m\n\u001b[1m\u001b[33m(!) Circular dependencies\u001b[39m\u001b[22m\nnode_modules/d3-selection/src/selection/index.js -> node_modules/d3-selection/src/selection/select.js -> node_modules/d3-selection/src/selection/index.js\nnode_modules/d3-selection/src/selection/index.js -> node_modules/d3-selection/src/selection/selectAll.js -> node_modules/d3-selection/src/selection/index.js\nnode_modules/d3-selection/src/selection/index.js -> node_modules/d3-selection/src/selection/filter.js -> node_modules/d3-selection/src/selection/index.js\n...and 12 more\n\u001b[32mcreated \u001b[1m./js\u001b[22m in \u001b[1m707ms\u001b[22m\u001b[39m\n\u001b[36m\n\u001b[1mdist/cancellable.js\u001b[22m → \u001b[1m./js\u001b[22m...\u001b[39m\n\u001b[32mcreated \u001b[1m./js\u001b[22m in \u001b[1m41ms\u001b[22m\u001b[39m\n\u001b[36m\n\u001b[1mdist/animatedHtml.js\u001b[22m → \u001b[1m./js\u001b[22m...\u001b[39m\n\u001b[32mcreated \u001b[1m./js\u001b[22m in \u001b[1m48ms\u001b[22m\u001b[39m\n\u001b[36m\n\u001b[1mdist/RefreshComponent.js\u001b[22m → \u001b[1m./js\u001b[22m...\u001b[39m\n\u001b[32mcreated \u001b[1m./js\u001b[22m in \u001b[1m48ms\u001b[22m\u001b[39m",
   "level": "trace"}],
 "inputs":
 [["/Users/wjn/ProofWidgets4/widget/src", "8fa1fbf67782e784"],
  ["/Users/wjn/ProofWidgets4/widget/rollup.config.js", "f0fa02a0bd0fc2b7"],
  ["/Users/wjn/ProofWidgets4/widget/tsconfig.json", "1078f41213978103"],
  ["/Users/wjn/ProofWidgets4/widget/package-lock.json", "6baf24f39b30fa53"],
  ["isDev", "feefd2a0d3a1847e"]],
 "depHash": "17c37646e2690d34"}